# JRE version: OpenJDK Runtime Environment Temurin-18.0.1+10 (18.0.1+10) (build 18.0.1+10)
# Java VM: OpenJDK 64-Bit Server VM Temurin-18.0.1+10 (18.0.1+10, mixed mode, tiered, compressed oops, compressed class ptrs, g1 gc, windows-amd64)
GC Precious Log:
 CardTable entry size: 512
 Card Set container configuration: InlinePtr #cards 4 size 8 Array Of Cards #cards 16 size 48 Howl #buckets 8 coarsen threshold 3686 Howl Bitmap #cards 512 size 80 coarsen threshold 460 Card regions per heap region 1 cards per card region 4096
 CPUs: 8 total, 8 available
 Memory: 16251M
 Large Page Support: Disabled
 NUMA Support: Disabled
 Compressed Oops: Enabled (Zero based)
 Heap Region Size: 2M
 Heap Min Capacity: 8M
 Heap Initial Capacity: 254M
 Heap Max Capacity: 4064M
 Pre-touch: Disabled
 Parallel Workers: 8
 Concurrent Workers: 2
 Concurrent Refinement Workers: 8
 Periodic GC: Disabled
Heap:
 garbage-first heap   total 49152K, used 24617K [0x0000000702000000, 0x0000000800000000)
  region size 2048K, 7 young (14336K), 1 survivors (2048K)
 Metaspace       used 39765K, committed 40384K, reserved 1114112K
  class space    used 4263K, committed 4544K, reserved 1048576K
GC Heap History (20 events):
Event: 27114.993 GC heap before
{Heap before GC invocations=173 (full 23):
 garbage-first heap   total 61440K, used 14168K [0x0000000702000000, 0x0000000800000000)
  region size 2048K, 2 young (4096K), 1 survivors (2048K)
 Metaspace       used 39735K, committed 40384K, reserved 1114112K
  class space    used 4262K, committed 4544K, reserved 1048576K
}
Event: 27115.020 GC heap after
{Heap after GC invocations=174 (full 24):
 garbage-first heap   total 49152K, used 12343K [0x0000000702000000, 0x0000000800000000)
  region size 2048K, 0 young (0K), 0 survivors (0K)
 Metaspace       used 39732K, committed 40384K, reserved 1114112K
  class space    used 4261K, committed 4544K, reserved 1048576K
}
Event: 27118.172 GC heap before
{Heap before GC invocations=174 (full 24):
 garbage-first heap   total 49152K, used 34871K [0x0000000702000000, 0x0000000800000000)
  region size 2048K, 11 young (22528K), 0 survivors (0K)
 Metaspace       used 39765K, committed 40384K, reserved 1114112K
  class space    used 4263K, committed 4544K, reserved 1048576K
}
Event: 27118.177 GC heap after
{Heap after GC invocations=175 (full 24):
 garbage-first heap   total 49152K, used 14278K [0x0000000702000000, 0x0000000800000000)
  region size 2048K, 1 young (2048K), 1 survivors (2048K)
 Metaspace       used 39765K, committed 40384K, reserved 1114112K
  class space    used 4263K, committed 4544K, reserved 1048576K
}
Event: 27176.018 GC heap before
{Heap before GC invocations=175 (full 24):
 garbage-first heap   total 49152K, used 34758K [0x0000000702000000, 0x0000000800000000)
  region size 2048K, 11 young (22528K), 1 survivors (2048K)
 Metaspace       used 39765K, committed 40384K, reserved 1114112K
  class space    used 4263K, committed 4544K, reserved 1048576K
}
Event: 27176.018 GC heap after
{Heap after GC invocations=176 (full 24):
 garbage-first heap   total 49152K, used 14273K [0x0000000702000000, 0x0000000800000000)
  region size 2048K, 1 young (2048K), 1 survivors (2048K)
 Metaspace       used 39765K, committed 40384K, reserved 1114112K
  class space    used 4263K, committed 4544K, reserved 1048576K
}
Event: 27238.008 GC heap before
{Heap before GC invocations=176 (full 24):
 garbage-first heap   total 49152K, used 34753K [0x0000000702000000, 0x0000000800000000)
  region size 2048K, 11 young (22528K), 1 survivors (2048K)
 Metaspace       used 39765K, committed 40384K, reserved 1114112K
  class space    used 4263K, committed 4544K, reserved 1048576K
}
Event: 27238.011 GC heap after
{Heap after GC invocations=177 (full 24):
 garbage-first heap   total 49152K, used 14244K [0x0000000702000000, 0x0000000800000000)
  region size 2048K, 1 young (2048K), 1 survivors (2048K)
 Metaspace       used 39765K, committed 40384K, reserved 1114112K
  class space    used 4263K, committed 4544K, reserved 1048576K
}
Event: 27307.023 GC heap before
{Heap before GC invocations=177 (full 24):
 garbage-first heap   total 49152K, used 36772K [0x0000000702000000, 0x0000000800000000)
  region size 2048K, 12 young (24576K), 1 survivors (2048K)
 Metaspace       used 39765K, committed 40384K, reserved 1114112K
  class space    used 4263K, committed 4544K, reserved 1048576K
}
Event: 27307.025 GC heap after
{Heap after GC invocations=178 (full 24):
 garbage-first heap   total 49152K, used 14286K [0x0000000702000000, 0x0000000800000000)
  region size 2048K, 1 young (2048K), 1 survivors (2048K)
 Metaspace       used 39765K, committed 40384K, reserved 1114112K
  class space    used 4263K, committed 4544K, reserved 1048576K
}
Event: 27376.922 GC heap before
{Heap before GC invocations=178 (full 24):
 garbage-first heap   total 49152K, used 36814K [0x0000000702000000, 0x0000000800000000)
  region size 2048K, 12 young (24576K), 1 survivors (2048K)
 Metaspace       used 39765K, committed 40384K, reserved 1114112K
  class space    used 4263K, committed 4544K, reserved 1048576K
}
Event: 27376.923 GC heap after
{Heap after GC invocations=179 (full 24):
 garbage-first heap   total 49152K, used 14197K [0x0000000702000000, 0x0000000800000000)
  region size 2048K, 1 young (2048K), 1 survivors (2048K)
 Metaspace       used 39765K, committed 40384K, reserved 1114112K
  class space    used 4263K, committed 4544K, reserved 1048576K
}
Event: 27446.540 GC heap before
{Heap before GC invocations=179 (full 24):
 garbage-first heap   total 49152K, used 36725K [0x0000000702000000, 0x0000000800000000)
  region size 2048K, 12 young (24576K), 1 survivors (2048K)
 Metaspace       used 39765K, committed 40384K, reserved 1114112K
  class space    used 4263K, committed 4544K, reserved 1048576K
}
Event: 27446.541 GC heap after
{Heap after GC invocations=180 (full 24):
 garbage-first heap   total 49152K, used 14325K [0x0000000702000000, 0x0000000800000000)
  region size 2048K, 1 young (2048K), 1 survivors (2048K)
 Metaspace       used 39765K, committed 40384K, reserved 1114112K
  class space    used 4263K, committed 4544K, reserved 1048576K
}
Event: 27523.044 GC heap before
{Heap before GC invocations=180 (full 24):
 garbage-first heap   total 49152K, used 38901K [0x0000000702000000, 0x0000000800000000)
  region size 2048K, 13 young (26624K), 1 survivors (2048K)
 Metaspace       used 39765K, committed 40384K, reserved 1114112K
  class space    used 4263K, committed 4544K, reserved 1048576K
}
Event: 27523.049 GC heap after
{Heap after GC invocations=181 (full 24):
 garbage-first heap   total 49152K, used 14391K [0x0000000702000000, 0x0000000800000000)
  region size 2048K, 1 young (2048K), 1 survivors (2048K)
 Metaspace       used 39765K, committed 40384K, reserved 1114112K
  class space    used 4263K, committed 4544K, reserved 1048576K
}
Event: 27599.349 GC heap before
{Heap before GC invocations=181 (full 24):
 garbage-first heap   total 49152K, used 38967K [0x0000000702000000, 0x0000000800000000)
  region size 2048K, 13 young (26624K), 1 survivors (2048K)
 Metaspace       used 39765K, committed 40384K, reserved 1114112K
  class space    used 4263K, committed 4544K, reserved 1048576K
}
Event: 27599.351 GC heap after
{Heap after GC invocations=182 (full 24):
 garbage-first heap   total 49152K, used 14368K [0x0000000702000000, 0x0000000800000000)
  region size 2048K, 1 young (2048K), 1 survivors (2048K)
 Metaspace       used 39765K, committed 40384K, reserved 1114112K
  class space    used 4263K, committed 4544K, reserved 1048576K
}
Event: 27675.713 GC heap before
{Heap before GC invocations=182 (full 24):
 garbage-first heap   total 49152K, used 38944K [0x0000000702000000, 0x0000000800000000)
  region size 2048K, 13 young (26624K), 1 survivors (2048K)
 Metaspace       used 39765K, committed 40384K, reserved 1114112K
  class space    used 4263K, committed 4544K, reserved 1048576K
}
Event: 27675.717 GC heap after
{Heap after GC invocations=183 (full 24):
 garbage-first heap   total 49152K, used 14377K [0x0000000702000000, 0x0000000800000000)
  region size 2048K, 1 young (2048K), 1 survivors (2048K)
 Metaspace       used 39765K, committed 40384K, reserved 1114112K
  class space    used 4263K, committed 4544K, reserved 1048576K
}

